2012-12-10 23:34:06,707 DEBUG Connected to Reuters twitter stream and listening..
2012-12-10 23:34:07,335 DEBUG Incoming tweet: RT @Reuters: U.S. "fiscal cliff" talks picking up pace http://t.co/ifuD2SyK
2012-12-10 23:34:07,413 DEBUG Uninterested Tweet: RT @Reuters: U.S. "fiscal cliff" talks picking up pace http://t.co/ifuD2SyK
2012-12-10 23:34:13,604 DEBUG Incoming tweet: RT @Reuters: Clinton cancels Middle East trip because of ill health http://t.co/hy6lx3pe
2012-12-10 23:34:13,654 DEBUG Uninterested Tweet: RT @Reuters: Clinton cancels Middle East trip because of ill health http://t.co/hy6lx3pe
2012-12-10 23:34:55,748 DEBUG Connected to Reuters twitter stream and listening..
2012-12-10 23:34:56,669 DEBUG Incoming tweet: RT @Reuters: Clinton cancels Middle East trip because of ill health http://t.co/hy6lx3pe
2012-12-10 23:34:56,718 DEBUG Found link : http://t.co/hy6lx3pe 
2012-12-10 23:34:56,718 DEBUG Uninterested Tweet: RT @Reuters: Clinton cancels Middle East trip because of ill health http://t.co/hy6lx3pe
2012-12-10 23:35:01,634 DEBUG Incoming tweet: RT @Reuters: Clinton cancels Middle East trip because of ill health http://t.co/hy6lx3pe
2012-12-10 23:35:01,683 DEBUG Found link : http://t.co/hy6lx3pe 
2012-12-10 23:35:01,683 DEBUG Uninterested Tweet: RT @Reuters: Clinton cancels Middle East trip because of ill health http://t.co/hy6lx3pe
2012-12-10 23:35:04,489 DEBUG Incoming tweet: @Reuters unfortunately shes more than dead by now...
2012-12-10 23:35:04,541 DEBUG Uninterested Tweet: @Reuters unfortunately shes more than dead by now...
2012-12-10 23:35:10,338 DEBUG Incoming tweet: RT @Reuters: Mali PM arrested trying to leave country: military spokesman http://t.co/ZOxOS4YA
2012-12-10 23:35:10,388 DEBUG Found link : http://t.co/ZOxOS4YA 
2012-12-10 23:35:10,388 DEBUG Uninterested Tweet: RT @Reuters: Mali PM arrested trying to leave country: military spokesman http://t.co/ZOxOS4YA
2012-12-10 23:35:25,084 DEBUG Incoming tweet: @Reuters good
2012-12-10 23:35:25,131 DEBUG Uninterested Tweet: @Reuters good
2012-12-10 23:35:40,548 DEBUG Incoming tweet: RT @Reuters: Clinton cancels Middle East trip because of ill health http://t.co/hy6lx3pe
2012-12-10 23:35:40,602 DEBUG Found link : http://t.co/hy6lx3pe 
2012-12-10 23:35:40,602 DEBUG Uninterested Tweet: RT @Reuters: Clinton cancels Middle East trip because of ill health http://t.co/hy6lx3pe
2012-12-10 23:35:44,847 DEBUG Incoming tweet: @Reuters: Clinton cancels Middle East trip because of ill health http://t.co/YEzhxR19
2012-12-10 23:35:44,894 DEBUG Found link : http://t.co/YEzhxR19 
2012-12-10 23:35:44,894 DEBUG Uninterested Tweet: @Reuters: Clinton cancels Middle East trip because of ill health http://t.co/YEzhxR19
2012-12-10 23:35:53,964 DEBUG Incoming tweet: RT @Reuters: Clinton cancels Middle East trip because of ill health http://t.co/hy6lx3pe
2012-12-10 23:35:54,016 DEBUG Found link : http://t.co/hy6lx3pe 
2012-12-10 23:35:54,016 DEBUG Uninterested Tweet: RT @Reuters: Clinton cancels Middle East trip because of ill health http://t.co/hy6lx3pe
2012-12-10 23:36:24,080 DEBUG Incoming tweet: RT @Reuters: Clinton cancels Middle East trip because of ill health http://t.co/hy6lx3pe
2012-12-10 23:36:24,129 DEBUG Found link : http://t.co/hy6lx3pe 
2012-12-10 23:36:24,129 DEBUG Uninterested Tweet: RT @Reuters: Clinton cancels Middle East trip because of ill health http://t.co/hy6lx3pe
2012-12-10 23:36:53,252 DEBUG Incoming tweet: @Reuters HELP CLEAN "HOUSE" IN 2012: https://t.co/1j7Qpm4i …
2012-12-10 23:36:53,300 DEBUG Found link : https://t.co/1j7Qpm4i 
2012-12-10 23:36:53,300 DEBUG Uninterested Tweet: @Reuters HELP CLEAN "HOUSE" IN 2012: https://t.co/1j7Qpm4i …
2012-12-10 23:37:10,020 DEBUG Incoming tweet: RT @Reuters: Clinton cancels Middle East trip because of ill health http://t.co/hy6lx3pe
2012-12-10 23:37:10,070 DEBUG Found link : http://t.co/hy6lx3pe 
2012-12-10 23:37:10,070 DEBUG Uninterested Tweet: RT @Reuters: Clinton cancels Middle East trip because of ill health http://t.co/hy6lx3pe
2012-12-10 23:37:15,577 DEBUG Incoming tweet: RT @Reuters: Clinton cancels Middle East trip because of ill health http://t.co/hy6lx3pe
2012-12-10 23:37:15,626 DEBUG Found link : http://t.co/hy6lx3pe 
2012-12-10 23:37:15,626 DEBUG Uninterested Tweet: RT @Reuters: Clinton cancels Middle East trip because of ill health http://t.co/hy6lx3pe
2012-12-10 23:39:32,992 DEBUG Incoming tweet: RT @Reuters: U.S. "fiscal cliff" talks picking up pace http://t.co/ifuD2SyK
2012-12-10 23:39:33,042 DEBUG Found link : http://t.co/ifuD2SyK 
2012-12-10 23:39:33,042 DEBUG Uninterested Tweet: RT @Reuters: U.S. "fiscal cliff" talks picking up pace http://t.co/ifuD2SyK
2012-12-10 23:39:39,352 DEBUG Incoming tweet: RT @Reuters: Stylish, lost Ikea monkey held by Canadian authorities http://t.co/TcZfz2no
2012-12-10 23:39:39,401 DEBUG Found link : http://t.co/TcZfz2no 
2012-12-10 23:39:39,401 DEBUG Uninterested Tweet: RT @Reuters: Stylish, lost Ikea monkey held by Canadian authorities http://t.co/TcZfz2no
2012-12-10 23:39:53,176 DEBUG Incoming tweet: RT @Reuters: Clinton cancels Middle East trip because of ill health http://t.co/hy6lx3pe
2012-12-10 23:39:53,225 DEBUG Found link : http://t.co/hy6lx3pe 
2012-12-10 23:39:53,225 DEBUG Uninterested Tweet: RT @Reuters: Clinton cancels Middle East trip because of ill health http://t.co/hy6lx3pe
2012-12-10 23:39:56,351 DEBUG Incoming tweet: RT @Reuters: Unknown attackers fire at Cairo protesters, nine hurt http://t.co/CXEIXYjl
2012-12-10 23:39:56,398 DEBUG Found link : http://t.co/CXEIXYjl 
2012-12-10 23:39:56,398 DEBUG Uninterested Tweet: RT @Reuters: Unknown attackers fire at Cairo protesters, nine hurt http://t.co/CXEIXYjl
2012-12-10 23:40:05,055 DEBUG Incoming tweet: RT @Reuters: Clinton cancels Middle East trip because of ill health http://t.co/hy6lx3pe
2012-12-10 23:40:05,104 DEBUG Found link : http://t.co/hy6lx3pe 
2012-12-10 23:40:05,105 DEBUG Uninterested Tweet: RT @Reuters: Clinton cancels Middle East trip because of ill health http://t.co/hy6lx3pe
2012-12-10 23:41:09,365 DEBUG Incoming tweet: RT @Reuters: Unknown attackers fire at Cairo protesters, nine hurt http://t.co/CXEIXYjl
2012-12-10 23:41:09,414 DEBUG Found link : http://t.co/CXEIXYjl 
2012-12-10 23:41:09,414 DEBUG Uninterested Tweet: RT @Reuters: Unknown attackers fire at Cairo protesters, nine hurt http://t.co/CXEIXYjl
2012-12-10 23:42:22,378 DEBUG Incoming tweet: RT @Reuters: Mexican president confident of key reforms in 2013 http://t.co/ck5VgUly
2012-12-10 23:42:22,429 DEBUG Found link : http://t.co/ck5VgUly 
2012-12-10 23:42:22,429 DEBUG Uninterested Tweet: RT @Reuters: Mexican president confident of key reforms in 2013 http://t.co/ck5VgUly
2012-12-10 23:43:18,916 DEBUG Incoming tweet: RT @Reuters: Clinton cancels Middle East trip because of ill health http://t.co/hy6lx3pe
2012-12-10 23:43:18,965 DEBUG Found link : http://t.co/hy6lx3pe 
2012-12-10 23:43:18,966 DEBUG Uninterested Tweet: RT @Reuters: Clinton cancels Middle East trip because of ill health http://t.co/hy6lx3pe
2012-12-10 23:43:43,583 DEBUG Incoming tweet: @Reuters Well, It ain't morning sickness cuz she ain't no princess!
2012-12-10 23:43:43,634 DEBUG Uninterested Tweet: @Reuters Well, It ain't morning sickness cuz she ain't no princess!
2012-12-10 23:44:15,532 DEBUG Incoming tweet: @Reuters @zerohedge  Too many beers maybe?  Covering up her cover up?
2012-12-10 23:44:15,581 DEBUG Uninterested Tweet: @Reuters @zerohedge  Too many beers maybe?  Covering up her cover up?
2012-12-10 23:44:16,866 DEBUG Incoming tweet: RT @Reuters: Thousands in New York protest China's rule of Tibet, urge U.N. action http://t.co/RBA4FsZd
2012-12-10 23:44:16,917 DEBUG Found link : http://t.co/RBA4FsZd 
2012-12-10 23:44:16,918 DEBUG Uninterested Tweet: RT @Reuters: Thousands in New York protest China's rule of Tibet, urge U.N. action http://t.co/RBA4FsZd
2012-12-10 23:44:20,243 DEBUG Incoming tweet: @Reuters The Re-«ù åo◊®ulzion needs your support #Anonymous #PM2012 #TYLER http://t.co/4LhgCMFc WATCH and SHARE
2012-12-10 23:44:20,292 DEBUG Found link : http://t.co/4LhgCMFc 
2012-12-10 23:44:20,293 DEBUG Uninterested Tweet: @Reuters The Re-«ù åo◊®ulzion needs your support #Anonymous #PM2012 #TYLER http://t.co/4LhgCMFc WATCH and SHARE
2012-12-10 23:44:54,812 DEBUG Incoming tweet: RT @Reuters: Clinton cancels Middle East trip because of ill health http://t.co/hy6lx3pe
2012-12-10 23:44:54,863 DEBUG Found link : http://t.co/hy6lx3pe 
2012-12-10 23:44:54,863 DEBUG Uninterested Tweet: RT @Reuters: Clinton cancels Middle East trip because of ill health http://t.co/hy6lx3pe
2012-12-10 23:45:02,434 DEBUG Incoming tweet: RT @Reuters: Clinton cancels Middle East trip because of ill health http://t.co/hy6lx3pe
2012-12-10 23:45:02,482 DEBUG Found link : http://t.co/hy6lx3pe 
2012-12-10 23:45:02,483 DEBUG Uninterested Tweet: RT @Reuters: Clinton cancels Middle East trip because of ill health http://t.co/hy6lx3pe
2012-12-10 23:45:19,024 DEBUG Incoming tweet: RT @Reuters: Clinton cancels Middle East trip because of ill health http://t.co/hy6lx3pe
2012-12-10 23:45:19,072 DEBUG Found link : http://t.co/hy6lx3pe 
2012-12-10 23:45:19,072 DEBUG Uninterested Tweet: RT @Reuters: Clinton cancels Middle East trip because of ill health http://t.co/hy6lx3pe
2012-12-10 23:45:41,552 DEBUG Incoming tweet: RT @Reuters: U.S. "fiscal cliff" talks picking up pace http://t.co/ifuD2SyK
2012-12-10 23:45:41,601 DEBUG Found link : http://t.co/ifuD2SyK 
2012-12-10 23:45:41,601 DEBUG Uninterested Tweet: RT @Reuters: U.S. "fiscal cliff" talks picking up pace http://t.co/ifuD2SyK
2012-12-10 23:47:15,456 DEBUG Incoming tweet: RT @Reuters: Clinton cancels Middle East trip because of ill health http://t.co/hy6lx3pe
2012-12-10 23:47:15,505 DEBUG Found link : http://t.co/hy6lx3pe 
2012-12-10 23:47:15,505 DEBUG Uninterested Tweet: RT @Reuters: Clinton cancels Middle East trip because of ill health http://t.co/hy6lx3pe
2012-12-10 23:48:11,778 DEBUG Incoming tweet: RT @Reuters: Clinton cancels Middle East trip because of ill health http://t.co/hy6lx3pe
2012-12-10 23:48:11,825 DEBUG Found link : http://t.co/hy6lx3pe 
2012-12-10 23:48:11,825 DEBUG Uninterested Tweet: RT @Reuters: Clinton cancels Middle East trip because of ill health http://t.co/hy6lx3pe
2012-12-10 23:48:38,095 DEBUG Incoming tweet: RT @Reuters: Mali PM arrested trying to leave country: military spokesman http://t.co/ZOxOS4YA
2012-12-10 23:48:38,145 DEBUG Found link : http://t.co/ZOxOS4YA 
2012-12-10 23:48:38,145 DEBUG Uninterested Tweet: RT @Reuters: Mali PM arrested trying to leave country: military spokesman http://t.co/ZOxOS4YA
2012-12-10 23:48:40,654 DEBUG Incoming tweet: @Reuters AND MORE "sick days" to come Running 4 pres in 2016 puts 350,000,000+ Americans in danger bec her need 2b political abt everything!
2012-12-10 23:48:40,718 DEBUG Uninterested Tweet: @Reuters AND MORE "sick days" to come Running 4 pres in 2016 puts 350,000,000+ Americans in danger bec her need 2b political abt everything!
2012-12-10 23:49:08,713 DEBUG Incoming tweet: RT @Reuters: Clinton cancels Middle East trip because of ill health http://t.co/hy6lx3pe
2012-12-10 23:49:08,761 DEBUG Found link : http://t.co/hy6lx3pe 
2012-12-10 23:49:08,761 DEBUG Uninterested Tweet: RT @Reuters: Clinton cancels Middle East trip because of ill health http://t.co/hy6lx3pe
